<?xml version="1.0" encoding="UTF-8"?>
<!-- Generated by org.testng.reporters.JUnitReportReporter -->
<testsuite skipped="0" hostname="DESKTOP-GJSR5I4" name="Runners.TestRunnerTestng" tests="1" failures="0" timestamp="09 Dec 2020 07:43:18 GMT" time="26.090" errors="0">
  <testcase name="runScenario" time="26.090" classname="Runners.TestRunnerTestng"/>
</testsuite> <!-- Runners.TestRunnerTestng -->
